== test.log ==
----------------------------------------------------------------------
lib_outd: Test Failure 2010-12-21 18:51:52
Detail in /Users/kazubito/2010_12/yacasl2/test/system/casl2/lib_outd/detail.log
----------------------------------------------------------------------

== cmd ==
----------------------------------------------------------------------
../../../../casl2 -M1024 outd.casl ../../../../as/casl2lib/outd_q15.casl ../../../../as/casl2lib/abs.casl
----------------------------------------------------------------------

== 0.txt ==
----------------------------------------------------------------------
0.999969482421875
0.5
0.25
0.125
0.0625
0.03125
0.015625
0.0078125
0.00390625
0.001953125
0.0009765625
0.00048828125
0.000244140625
0.0001220703125
0.00006103515625
0.000030517578125
-1
-0.999969482421875
-0.5
-0.25
-0.125
-0.0625
-0.03125
-0.015625
-0.0078125
-0.00390625
-0.001953125
-0.0009765625
-0.00048828125
-0.000244140625
-0.0001220703125
-0.00006103515625
-0.000030517578125
----------------------------------------------------------------------

== diff.txt ==
----------------------------------------------------------------------
*** 0.txt	Tue Dec 21 18:50:34 2010
--- 1.txt	Tue Dec 21 18:51:52 2010
***************
*** 1,33 ****
- 0.999969482421875
- 0.5
- 0.25
- 0.125
- 0.0625
- 0.03125
- 0.015625
- 0.0078125
- 0.00390625
- 0.001953125
- 0.0009765625
- 0.00048828125
- 0.000244140625
- 0.0001220703125
- 0.00006103515625
- 0.000030517578125
  -1
- -0.999969482421875
- -0.5
- -0.25
- -0.125
- -0.0625
- -0.03125
- -0.015625
- -0.0078125
- -0.00390625
- -0.001953125
- -0.0009765625
- -0.00048828125
- -0.000244140625
- -0.0001220703125
- -0.00006103515625
- -0.000030517578125
--- 1 ----
----------------------------------------------------------------------

== 1.txt ==
----------------------------------------------------------------------
-1
----------------------------------------------------------------------

